Processing ./submodules/depth-diff-gaussian-rasterization
  Preparing metadata (setup.py): started
  Preparing metadata (setup.py): finished with status 'done'
Processing ./submodules/simple-knn
  Preparing metadata (setup.py): started
  Preparing metadata (setup.py): finished with status 'done'
Requirement already satisfied: plyfile==0.8.1 in /home/shadiman/pytorch-env/lib/python3.9/site-packages (from -r requirements.txt (line 3)) (0.8.1)
Requirement already satisfied: tqdm in /home/shadiman/pytorch-env/lib/python3.9/site-packages (from -r requirements.txt (line 4)) (4.67.1)
Requirement already satisfied: imageio==2.27.0 in /home/shadiman/pytorch-env/lib/python3.9/site-packages (from -r requirements.txt (line 5)) (2.27.0)
Requirement already satisfied: opencv-python in /home/shadiman/pytorch-env/lib/python3.9/site-packages (from -r requirements.txt (line 6)) (4.11.0.86)
Requirement already satisfied: imageio-ffmpeg in /home/shadiman/pytorch-env/lib/python3.9/site-packages (from -r requirements.txt (line 7)) (0.6.0)
Requirement already satisfied: scipy in /home/shadiman/pytorch-env/lib/python3.9/site-packages (from -r requirements.txt (line 8)) (1.13.1)
Requirement already satisfied: dearpygui in /home/shadiman/pytorch-env/lib/python3.9/site-packages (from -r requirements.txt (line 9)) (2.0.0)
Requirement already satisfied: lpips in /home/shadiman/pytorch-env/lib/python3.9/site-packages (from -r requirements.txt (line 10)) (0.1.4)
Requirement already satisfied: scikit-image in /home/shadiman/pytorch-env/lib/python3.9/site-packages (from -r requirements.txt (line 11)) (0.22.0)
Requirement already satisfied: numpy>=1.17 in /home/shadiman/pytorch-env/lib/python3.9/site-packages (from plyfile==0.8.1->-r requirements.txt (line 3)) (1.26.3)
Requirement already satisfied: pillow>=8.3.2 in /home/shadiman/pytorch-env/lib/python3.9/site-packages (from imageio==2.27.0->-r requirements.txt (line 5)) (11.0.0)
Requirement already satisfied: torch>=0.4.0 in /home/shadiman/pytorch-env/lib/python3.9/site-packages (from lpips->-r requirements.txt (line 10)) (2.6.0+cu126)
Requirement already satisfied: torchvision>=0.2.1 in /home/shadiman/pytorch-env/lib/python3.9/site-packages (from lpips->-r requirements.txt (line 10)) (0.21.0+cu126)
Requirement already satisfied: networkx>=2.8 in /home/shadiman/pytorch-env/lib/python3.9/site-packages (from scikit-image->-r requirements.txt (line 11)) (3.2.1)
Requirement already satisfied: tifffile>=2022.8.12 in /home/shadiman/pytorch-env/lib/python3.9/site-packages (from scikit-image->-r requirements.txt (line 11)) (2024.8.30)
Requirement already satisfied: packaging>=21 in /home/shadiman/pytorch-env/lib/python3.9/site-packages (from scikit-image->-r requirements.txt (line 11)) (24.2)
Requirement already satisfied: lazy_loader>=0.3 in /home/shadiman/pytorch-env/lib/python3.9/site-packages (from scikit-image->-r requirements.txt (line 11)) (0.4)
Requirement already satisfied: filelock in /home/shadiman/pytorch-env/lib/python3.9/site-packages (from torch>=0.4.0->lpips->-r requirements.txt (line 10)) (3.13.1)
Requirement already satisfied: typing-extensions>=4.10.0 in /home/shadiman/pytorch-env/lib/python3.9/site-packages (from torch>=0.4.0->lpips->-r requirements.txt (line 10)) (4.12.2)
Requirement already satisfied: sympy==1.13.1 in /home/shadiman/pytorch-env/lib/python3.9/site-packages (from torch>=0.4.0->lpips->-r requirements.txt (line 10)) (1.13.1)
Requirement already satisfied: jinja2 in /home/shadiman/pytorch-env/lib/python3.9/site-packages (from torch>=0.4.0->lpips->-r requirements.txt (line 10)) (3.1.4)
Requirement already satisfied: fsspec in /home/shadiman/pytorch-env/lib/python3.9/site-packages (from torch>=0.4.0->lpips->-r requirements.txt (line 10)) (2024.6.1)
Requirement already satisfied: nvidia-cuda-nvrtc-cu12==12.6.77 in /home/shadiman/pytorch-env/lib/python3.9/site-packages (from torch>=0.4.0->lpips->-r requirements.txt (line 10)) (12.6.77)
Requirement already satisfied: nvidia-cuda-runtime-cu12==12.6.77 in /home/shadiman/pytorch-env/lib/python3.9/site-packages (from torch>=0.4.0->lpips->-r requirements.txt (line 10)) (12.6.77)
Requirement already satisfied: nvidia-cuda-cupti-cu12==12.6.80 in /home/shadiman/pytorch-env/lib/python3.9/site-packages (from torch>=0.4.0->lpips->-r requirements.txt (line 10)) (12.6.80)
Requirement already satisfied: nvidia-cudnn-cu12==9.5.1.17 in /home/shadiman/pytorch-env/lib/python3.9/site-packages (from torch>=0.4.0->lpips->-r requirements.txt (line 10)) (9.5.1.17)
Requirement already satisfied: nvidia-cublas-cu12==12.6.4.1 in /home/shadiman/pytorch-env/lib/python3.9/site-packages (from torch>=0.4.0->lpips->-r requirements.txt (line 10)) (12.6.4.1)
Requirement already satisfied: nvidia-cufft-cu12==11.3.0.4 in /home/shadiman/pytorch-env/lib/python3.9/site-packages (from torch>=0.4.0->lpips->-r requirements.txt (line 10)) (11.3.0.4)
Requirement already satisfied: nvidia-curand-cu12==10.3.7.77 in /home/shadiman/pytorch-env/lib/python3.9/site-packages (from torch>=0.4.0->lpips->-r requirements.txt (line 10)) (10.3.7.77)
Requirement already satisfied: nvidia-cusolver-cu12==11.7.1.2 in /home/shadiman/pytorch-env/lib/python3.9/site-packages (from torch>=0.4.0->lpips->-r requirements.txt (line 10)) (11.7.1.2)
Requirement already satisfied: nvidia-cusparse-cu12==12.5.4.2 in /home/shadiman/pytorch-env/lib/python3.9/site-packages (from torch>=0.4.0->lpips->-r requirements.txt (line 10)) (12.5.4.2)
Requirement already satisfied: nvidia-cusparselt-cu12==0.6.3 in /home/shadiman/pytorch-env/lib/python3.9/site-packages (from torch>=0.4.0->lpips->-r requirements.txt (line 10)) (0.6.3)
Requirement already satisfied: nvidia-nccl-cu12==2.21.5 in /home/shadiman/pytorch-env/lib/python3.9/site-packages (from torch>=0.4.0->lpips->-r requirements.txt (line 10)) (2.21.5)
Requirement already satisfied: nvidia-nvtx-cu12==12.6.77 in /home/shadiman/pytorch-env/lib/python3.9/site-packages (from torch>=0.4.0->lpips->-r requirements.txt (line 10)) (12.6.77)
Requirement already satisfied: nvidia-nvjitlink-cu12==12.6.85 in /home/shadiman/pytorch-env/lib/python3.9/site-packages (from torch>=0.4.0->lpips->-r requirements.txt (line 10)) (12.6.85)
Requirement already satisfied: triton==3.2.0 in /home/shadiman/pytorch-env/lib/python3.9/site-packages (from torch>=0.4.0->lpips->-r requirements.txt (line 10)) (3.2.0)
Requirement already satisfied: mpmath<1.4,>=1.1.0 in /home/shadiman/pytorch-env/lib/python3.9/site-packages (from sympy==1.13.1->torch>=0.4.0->lpips->-r requirements.txt (line 10)) (1.3.0)
Requirement already satisfied: MarkupSafe>=2.0 in /home/shadiman/pytorch-env/lib/python3.9/site-packages (from jinja2->torch>=0.4.0->lpips->-r requirements.txt (line 10)) (2.1.5)
Building wheels for collected packages: diff_gaussian_rasterization, simple_knn
  Building wheel for diff_gaussian_rasterization (setup.py): started
  Building wheel for diff_gaussian_rasterization (setup.py): finished with status 'done'
  Created wheel for diff_gaussian_rasterization: filename=diff_gaussian_rasterization-0.0.0-cp39-cp39-linux_x86_64.whl size=4476055 sha256=695a8d2f6bd28c26c62a153fe29b5a8bc0bac6aa851a294e2b35e49c6527730b
  Stored in directory: /home/shadiman/.cache/pip/wheels/c5/59/74/117cfd09979d245060b0f9f9ab8881af999b387382928741e9
  Building wheel for simple_knn (setup.py): started
  Building wheel for simple_knn (setup.py): finished with status 'done'
  Created wheel for simple_knn: filename=simple_knn-0.0.0-cp39-cp39-linux_x86_64.whl size=4183805 sha256=0b30d562cfeac5c026eab1d9c413c13b2befcb76f22f5dc8b521368385b90aaa
  Stored in directory: /home/shadiman/.cache/pip/wheels/65/d9/0a/38746e4837c1b42997f0177e5ca4f102a72dabd3b3f6927914
Successfully built diff_gaussian_rasterization simple_knn
Installing collected packages: simple_knn, diff_gaussian_rasterization
  Attempting uninstall: simple_knn
    Found existing installation: simple_knn 0.0.0
    Uninstalling simple_knn-0.0.0:
      Successfully uninstalled simple_knn-0.0.0
  Attempting uninstall: diff_gaussian_rasterization
    Found existing installation: diff_gaussian_rasterization 0.0.0
    Uninstalling diff_gaussian_rasterization-0.0.0:
      Successfully uninstalled diff_gaussian_rasterization-0.0.0
Successfully installed diff_gaussian_rasterization-0.0.0 simple_knn-0.0.0
Processing /home/shadiman/Deformable-3D-Gaussians/submodules/depth-diff-gaussian-rasterization
  Preparing metadata (setup.py): started
  Preparing metadata (setup.py): finished with status 'done'
Building wheels for collected packages: diff_gaussian_rasterization
  Building wheel for diff_gaussian_rasterization (setup.py): started
  Building wheel for diff_gaussian_rasterization (setup.py): finished with status 'done'
  Created wheel for diff_gaussian_rasterization: filename=diff_gaussian_rasterization-0.0.0-cp39-cp39-linux_x86_64.whl size=4476055 sha256=d7472fe4e8e9c2efd62426acb8f921745525517045d1f7a32acb53735420cea2
  Stored in directory: /home/shadiman/.cache/pip/wheels/c5/59/74/117cfd09979d245060b0f9f9ab8881af999b387382928741e9
Successfully built diff_gaussian_rasterization
Installing collected packages: diff_gaussian_rasterization
  Attempting uninstall: diff_gaussian_rasterization
    Found existing installation: diff_gaussian_rasterization 0.0.0
    Uninstalling diff_gaussian_rasterization-0.0.0:
      Successfully uninstalled diff_gaussian_rasterization-0.0.0
Successfully installed diff_gaussian_rasterization-0.0.0
Processing /home/shadiman/Deformable-3D-Gaussians/submodules/simple-knn
  Preparing metadata (setup.py): started
  Preparing metadata (setup.py): finished with status 'done'
Building wheels for collected packages: simple_knn
  Building wheel for simple_knn (setup.py): started
  Building wheel for simple_knn (setup.py): finished with status 'done'
  Created wheel for simple_knn: filename=simple_knn-0.0.0-cp39-cp39-linux_x86_64.whl size=4183805 sha256=2671e01a6b65ff3eecad5bf8ede40f18f16b722b563860ad6b65666d5bbb5091
  Stored in directory: /home/shadiman/.cache/pip/wheels/65/d9/0a/38746e4837c1b42997f0177e5ca4f102a72dabd3b3f6927914
Successfully built simple_knn
Installing collected packages: simple_knn
  Attempting uninstall: simple_knn
    Found existing installation: simple_knn 0.0.0
    Uninstalling simple_knn-0.0.0:
      Successfully uninstalled simple_knn-0.0.0
Successfully installed simple_knn-0.0.0
Optimizing output/exp-name-forestonly
Output folder: output/exp-name-forestonly [16/04 13:00:38]
Tensorboard not available: not logging progress [16/04 13:00:38]
Found transforms_train.json file, assuming Blender data set! [16/04 13:00:38]
Reading Training Transforms [16/04 13:00:38]
Reading Test Transforms [16/04 13:00:40]
Loading Training Cameras [16/04 13:00:41]
Loading Test Cameras [16/04 13:00:44]
Number of points at initialisation :  100000 [16/04 13:00:45]
NUMBER OF DYNAMIC GAUSSIANS 0 [16/04 13:01:13]
[INFO] Initializing Gaussian Forest... [16/04 13:01:13]
LEVEL: 3 [16/04 13:01:18]
LEVEL: 2 [16/04 13:01:18]
LEVEL: 1 [16/04 13:01:18]
LEVEL: 3 [16/04 13:01:18]
LEVEL: 2 [16/04 13:03:36]
LEVEL: 1 [16/04 13:06:15]
[INFO] Forest initialized: 0 dynamic trees, 20267 static trees. [16/04 13:07:16]
xyz shape: torch.Size([77601, 3]) is_dynamic shape: torch.Size([77601]) [16/04 13:07:16]
NUMBER OF DYNAMIC GAUSSIANS 0 [16/04 13:07:16]
RENDER FOVEATED [16/04 13:07:16]
Looking for config file in output/exp-name-forestonly/cfg_args
Config file found: output/exp-name-forestonly/cfg_args
Rendering output/exp-name-forestonly
Loading trained model at iteration 30000 [16/04 13:07:32]
Found transforms_train.json file, assuming Blender data set! [16/04 13:07:32]
Reading Training Transforms [16/04 13:07:32]
Reading Test Transforms [16/04 13:07:34]
Loading Training Cameras [16/04 13:07:35]
Loading Test Cameras [16/04 13:07:37]
Setting up [LPIPS] perceptual loss: trunk [vgg], v[0.1], spatial [off]
Loading model from: /home/shadiman/pytorch-env/lib/python3.9/site-packages/lpips/weights/v0.1/vgg.pth

Scene: output/exp-name-forestonly
Method: ours_3000
  SSIM :    0.6732172
  PSNR :   14.0571928
  LPIPS:    0.3148365

Method: ours_30000
  SSIM :    0.9440487
  PSNR :   24.9635677
  LPIPS:    0.0439407

