Looking for config file in output/exp-name-static_forest-2/cfg_args
Config file found: output/exp-name-static_forest-2/cfg_args
Rendering output/exp-name-static_forest-2
Loading trained model at iteration 30000 [02/05 07:48:53]
Found transforms_train.json file, assuming Blender data set! [02/05 07:48:53]
Reading Training Transforms [02/05 07:48:53]
Reading Test Transforms [02/05 07:48:55]
Loading Training Cameras [02/05 07:48:56]
Loading Test Cameras [02/05 07:48:59]
[INFO] Initializing Gaussian Forest... [02/05 07:49:00]
LEVEL: 3 [02/05 07:49:08]
LEVEL: 2 [02/05 07:49:08]
LEVEL: 1 [02/05 07:49:08]
LEVEL: 3 [02/05 07:49:08]
LEVEL: 2 [02/05 07:56:43]
LEVEL: 1 [02/05 08:03:12]
[INFO] Forest initialized: 0 dynamic trees, 30912 static trees. [02/05 08:05:32]
RENDERING DONE [02/05 08:05:46]
RENDERING DONE [02/05 08:06:00]
RENDERING DONE [02/05 08:06:13]
RENDERING DONE [02/05 08:06:27]
RENDERING DONE [02/05 08:06:40]
RENDERING DONE [02/05 08:06:54]
RENDERING DONE [02/05 08:07:07]
RENDERING DONE [02/05 08:07:21]
RENDERING DONE [02/05 08:07:34]
RENDERING DONE [02/05 08:07:47]
RENDERING DONE [02/05 08:08:01]
RENDERING DONE [02/05 08:08:14]
RENDERING DONE [02/05 08:08:28]
RENDERING DONE [02/05 08:08:41]
RENDERING DONE [02/05 08:08:55]
RENDERING DONE [02/05 08:09:08]
RENDERING DONE [02/05 08:09:22]
RENDERING DONE [02/05 08:09:35]
RENDERING DONE [02/05 08:09:49]
RENDERING DONE [02/05 08:10:02]
RENDERING DONE [02/05 08:10:15]
RENDERING DONE [02/05 08:10:29]
RENDERING DONE [02/05 08:10:42]
RENDERING DONE [02/05 08:10:56]
RENDERING DONE [02/05 08:11:09]
RENDERING DONE [02/05 08:11:23]
RENDERING DONE [02/05 08:11:36]
RENDERING DONE [02/05 08:11:50]
RENDERING DONE [02/05 08:12:03]
RENDERING DONE [02/05 08:12:16]
RENDERING DONE [02/05 08:12:30]
RENDERING DONE [02/05 08:12:43]
RENDERING DONE [02/05 08:12:57]
RENDERING DONE [02/05 08:13:10]
RENDERING DONE [02/05 08:13:24]
RENDERING DONE [02/05 08:13:37]
RENDERING DONE [02/05 08:13:50]
RENDERING DONE [02/05 08:14:04]
RENDERING DONE [02/05 08:14:17]
RENDERING DONE [02/05 08:14:30]
RENDERING DONE [02/05 08:14:44]
RENDERING DONE [02/05 08:14:57]
RENDERING DONE [02/05 08:15:11]
RENDERING DONE [02/05 08:15:24]
RENDERING DONE [02/05 08:15:38]
RENDERING DONE [02/05 08:15:51]
RENDERING DONE [02/05 08:16:04]
RENDERING DONE [02/05 08:16:18]
RENDERING DONE [02/05 08:16:31]
RENDERING DONE [02/05 08:16:45]
Test FPS: [1;35m41.38080[0m, Num. of GS: 127387 [02/05 08:16:46]
RENDERING DONE [02/05 08:16:59]
RENDERING DONE [02/05 08:17:13]
RENDERING DONE [02/05 08:17:27]
RENDERING DONE [02/05 08:17:40]
RENDERING DONE [02/05 08:17:53]
RENDERING DONE [02/05 08:18:07]
RENDERING DONE [02/05 08:18:20]
RENDERING DONE [02/05 08:18:34]
RENDERING DONE [02/05 08:18:48]
RENDERING DONE [02/05 08:19:01]
RENDERING DONE [02/05 08:19:14]
RENDERING DONE [02/05 08:19:28]
RENDERING DONE [02/05 08:19:41]
RENDERING DONE [02/05 08:19:55]
RENDERING DONE [02/05 08:20:08]
RENDERING DONE [02/05 08:20:22]
RENDERING DONE [02/05 08:20:35]
RENDERING DONE [02/05 08:20:49]
RENDERING DONE [02/05 08:21:02]
RENDERING DONE [02/05 08:21:16]
Test FPS: [1;35m40.84494[0m, Num. of GS: 127387 [02/05 08:21:17]
Setting up [LPIPS] perceptual loss: trunk [vgg], v[0.1], spatial [off]
Loading model from: /home/shadiman/pytorch-env/lib/python3.9/site-packages/lpips/weights/v0.1/vgg.pth

Scene: output/exp-name-static_forest-2
Method: ours_30000
  SSIM :    0.7806079
  PSNR :   18.6171093
  LPIPS:    0.2069262

