Rendering progress:   0%|          | 0/50 [00:00<?, ?it/s]Rendering progress:   0%|          | 0/50 [00:00<?, ?it/s]
Traceback (most recent call last):
  File "/home/shadiman/Deformable-3D-Gaussians/render.py", line 377, in <module>
    render_sets(model.extract(args), args.iteration, pipeline.extract(args), args.skip_train, args.skip_test, args.mode)
  File "/home/shadiman/Deformable-3D-Gaussians/render.py", line 351, in render_sets
    render_func(dataset.model_path, dataset.load2gpu_on_the_fly, dataset.is_6dof, "train", scene.loaded_iter,
  File "/home/shadiman/Deformable-3D-Gaussians/render.py", line 48, in render_set
    d_xyz, d_rotation, d_scaling = deform.step(xyz.detach(), time_input)
  File "/home/shadiman/Deformable-3D-Gaussians/scene/deform_model.py", line 17, in step
    return self.deform(xyz, time_emb)
  File "/home/shadiman/pytorch-env/lib/python3.9/site-packages/torch/nn/modules/module.py", line 1739, in _wrapped_call_impl
    return self._call_impl(*args, **kwargs)
  File "/home/shadiman/pytorch-env/lib/python3.9/site-packages/torch/nn/modules/module.py", line 1750, in _call_impl
    return forward_call(*args, **kwargs)
  File "/home/shadiman/Deformable-3D-Gaussians/utils/time_utils.py", line 107, in forward
    t_emb = self.timenet(t_emb)  # better for D-NeRF Dataset
  File "/home/shadiman/pytorch-env/lib/python3.9/site-packages/torch/nn/modules/module.py", line 1739, in _wrapped_call_impl
    return self._call_impl(*args, **kwargs)
  File "/home/shadiman/pytorch-env/lib/python3.9/site-packages/torch/nn/modules/module.py", line 1750, in _call_impl
    return forward_call(*args, **kwargs)
  File "/home/shadiman/pytorch-env/lib/python3.9/site-packages/torch/nn/modules/container.py", line 250, in forward
    input = module(input)
  File "/home/shadiman/pytorch-env/lib/python3.9/site-packages/torch/nn/modules/module.py", line 1739, in _wrapped_call_impl
    return self._call_impl(*args, **kwargs)
  File "/home/shadiman/pytorch-env/lib/python3.9/site-packages/torch/nn/modules/module.py", line 1750, in _call_impl
    return forward_call(*args, **kwargs)
  File "/home/shadiman/pytorch-env/lib/python3.9/site-packages/torch/nn/modules/linear.py", line 125, in forward
    return F.linear(input, self.weight, self.bias)
RuntimeError: Expected all tensors to be on the same device, but found at least two devices, cuda:0 and cpu! (when checking argument for argument mat1 in method wrapper_CUDA_addmm)
/home/shadiman/pytorch-env/lib/python3.9/site-packages/torchvision/models/_utils.py:208: UserWarning: The parameter 'pretrained' is deprecated since 0.13 and may be removed in the future, please use 'weights' instead.
  warnings.warn(
/home/shadiman/pytorch-env/lib/python3.9/site-packages/torchvision/models/_utils.py:223: UserWarning: Arguments other than a weight enum or `None` for 'weights' are deprecated since 0.13 and may be removed in the future. The current behavior is equivalent to passing `weights=VGG16_Weights.IMAGENET1K_V1`. You can also use `weights=VGG16_Weights.DEFAULT` to get the most up-to-date weights.
  warnings.warn(msg)
