Optimizing output/exp-name-staticforest
Output folder: output/exp-name-staticforest [01/05 11:08:50]
Tensorboard not available: not logging progress [01/05 11:08:50]
Found transforms_train.json file, assuming Blender data set! [01/05 11:08:50]
Reading Training Transforms [01/05 11:08:50]
Reading Test Transforms [01/05 11:08:52]
Loading Training Cameras [01/05 11:08:53]
Loading Test Cameras [01/05 11:08:56]
Number of points at initialisation :  100000 [01/05 11:08:57]
NUMBER OF DYNAMIC GAUSSIANS 0 [01/05 11:09:03]
[INFO] Initializing Gaussian Forest... [01/05 11:09:03]
LEVEL: 1 [01/05 11:09:06]
LEVEL: 1 [01/05 11:09:06]
[INFO] Forest initialized: 0 dynamic trees, 2214 static trees. [01/05 11:09:06]
xyz shape: torch.Size([100000, 3]) is_dynamic shape: torch.Size([100000]) [01/05 11:09:06]

[ITER 300] Saving Gaussians [01/05 11:09:06]
Best PSNR = 0.0 in Iteration 0 [01/05 11:09:07]

Training complete. [01/05 11:09:07]
Looking for config file in output/exp-name-staticforest/cfg_args
Config file found: output/exp-name-staticforest/cfg_args
Rendering output/exp-name-staticforest
Loading trained model at iteration 30000 [01/05 11:09:13]
Found transforms_train.json file, assuming Blender data set! [01/05 11:09:13]
Reading Training Transforms [01/05 11:09:13]
Reading Test Transforms [01/05 11:09:16]
Loading Training Cameras [01/05 11:09:17]
Loading Test Cameras [01/05 11:09:19]
[INFO] Initializing Gaussian Forest... [01/05 11:09:20]
LEVEL: 1 [01/05 11:09:27]
LEVEL: 1 [01/05 11:09:27]
[INFO] Forest initialized: 0 dynamic trees, 78150 static trees. [01/05 11:10:58]
RENDER STATIC FOVEATED [01/05 11:10:58]
RENDERING DONE [01/05 11:11:29]
RENDER STATIC FOVEATED [01/05 11:11:29]
RENDERING DONE [01/05 11:12:01]
RENDER STATIC FOVEATED [01/05 11:12:01]
RENDERING DONE [01/05 11:12:32]
RENDER STATIC FOVEATED [01/05 11:12:32]
RENDERING DONE [01/05 11:13:03]
RENDER STATIC FOVEATED [01/05 11:13:03]
RENDERING DONE [01/05 11:13:34]
RENDER STATIC FOVEATED [01/05 11:13:34]
RENDERING DONE [01/05 11:14:05]
RENDER STATIC FOVEATED [01/05 11:14:06]
RENDERING DONE [01/05 11:14:37]
RENDER STATIC FOVEATED [01/05 11:14:37]
RENDERING DONE [01/05 11:15:08]
RENDER STATIC FOVEATED [01/05 11:15:08]
RENDERING DONE [01/05 11:15:40]
RENDER STATIC FOVEATED [01/05 11:15:40]
RENDERING DONE [01/05 11:16:11]
RENDER STATIC FOVEATED [01/05 11:16:11]
RENDERING DONE [01/05 11:16:42]
RENDER STATIC FOVEATED [01/05 11:16:43]
RENDERING DONE [01/05 11:17:13]
RENDER STATIC FOVEATED [01/05 11:17:14]
RENDERING DONE [01/05 11:17:45]
RENDER STATIC FOVEATED [01/05 11:17:45]
RENDERING DONE [01/05 11:18:16]
RENDER STATIC FOVEATED [01/05 11:18:16]
RENDERING DONE [01/05 11:18:47]
RENDER STATIC FOVEATED [01/05 11:18:48]
RENDERING DONE [01/05 11:19:19]
RENDER STATIC FOVEATED [01/05 11:19:19]
RENDERING DONE [01/05 11:19:50]
RENDER STATIC FOVEATED [01/05 11:19:50]
RENDERING DONE [01/05 11:20:21]
RENDER STATIC FOVEATED [01/05 11:20:21]
RENDERING DONE [01/05 11:20:53]
RENDER STATIC FOVEATED [01/05 11:20:53]
RENDERING DONE [01/05 11:21:24]
RENDER STATIC FOVEATED [01/05 11:21:24]
RENDERING DONE [01/05 11:21:55]
RENDER STATIC FOVEATED [01/05 11:21:55]
RENDERING DONE [01/05 11:22:26]
RENDER STATIC FOVEATED [01/05 11:22:27]
RENDERING DONE [01/05 11:22:58]
RENDER STATIC FOVEATED [01/05 11:22:58]
RENDERING DONE [01/05 11:23:29]
RENDER STATIC FOVEATED [01/05 11:23:29]
RENDERING DONE [01/05 11:24:00]
RENDER STATIC FOVEATED [01/05 11:24:01]
RENDERING DONE [01/05 11:24:32]
RENDER STATIC FOVEATED [01/05 11:24:32]
RENDERING DONE [01/05 11:25:03]
RENDER STATIC FOVEATED [01/05 11:25:03]
RENDERING DONE [01/05 11:25:34]
RENDER STATIC FOVEATED [01/05 11:25:34]
RENDERING DONE [01/05 11:26:05]
RENDER STATIC FOVEATED [01/05 11:26:06]
RENDERING DONE [01/05 11:26:37]
RENDER STATIC FOVEATED [01/05 11:26:37]
RENDERING DONE [01/05 11:27:08]
RENDER STATIC FOVEATED [01/05 11:27:08]
RENDERING DONE [01/05 11:27:40]
RENDER STATIC FOVEATED [01/05 11:27:40]
RENDERING DONE [01/05 11:28:11]
RENDER STATIC FOVEATED [01/05 11:28:11]
RENDERING DONE [01/05 11:28:42]
RENDER STATIC FOVEATED [01/05 11:28:42]
RENDERING DONE [01/05 11:29:13]
RENDER STATIC FOVEATED [01/05 11:29:13]
RENDERING DONE [01/05 11:29:44]
RENDER STATIC FOVEATED [01/05 11:29:45]
RENDERING DONE [01/05 11:30:15]
RENDER STATIC FOVEATED [01/05 11:30:16]
RENDERING DONE [01/05 11:30:47]
RENDER STATIC FOVEATED [01/05 11:30:47]
RENDERING DONE [01/05 11:31:18]
RENDER STATIC FOVEATED [01/05 11:31:18]
RENDERING DONE [01/05 11:31:49]
RENDER STATIC FOVEATED [01/05 11:31:49]
RENDERING DONE [01/05 11:32:20]
RENDER STATIC FOVEATED [01/05 11:32:21]
RENDERING DONE [01/05 11:32:52]
RENDER STATIC FOVEATED [01/05 11:32:52]
RENDERING DONE [01/05 11:33:23]
RENDER STATIC FOVEATED [01/05 11:33:23]
RENDERING DONE [01/05 11:33:54]
RENDER STATIC FOVEATED [01/05 11:33:54]
RENDERING DONE [01/05 11:34:25]
RENDER STATIC FOVEATED [01/05 11:34:25]
RENDERING DONE [01/05 11:34:56]
RENDER STATIC FOVEATED [01/05 11:34:56]
RENDERING DONE [01/05 11:35:28]
RENDER STATIC FOVEATED [01/05 11:35:28]
RENDERING DONE [01/05 11:35:59]
RENDER STATIC FOVEATED [01/05 11:35:59]
RENDERING DONE [01/05 11:36:30]
RENDER STATIC FOVEATED [01/05 11:36:30]
RENDERING DONE [01/05 11:37:01]
Test FPS: [1;35m52.09726[0m, Num. of GS: 133117 [01/05 11:37:03]
RENDER STATIC FOVEATED [01/05 11:37:03]
RENDERING DONE [01/05 11:37:34]
RENDER STATIC FOVEATED [01/05 11:37:34]
RENDERING DONE [01/05 11:38:05]
RENDER STATIC FOVEATED [01/05 11:38:06]
RENDERING DONE [01/05 11:38:37]
RENDER STATIC FOVEATED [01/05 11:38:37]
RENDERING DONE [01/05 11:39:08]
RENDER STATIC FOVEATED [01/05 11:39:08]
RENDERING DONE [01/05 11:39:40]
RENDER STATIC FOVEATED [01/05 11:39:40]
RENDERING DONE [01/05 11:40:11]
RENDER STATIC FOVEATED [01/05 11:40:11]
RENDERING DONE [01/05 11:40:42]
RENDER STATIC FOVEATED [01/05 11:40:43]
RENDERING DONE [01/05 11:41:14]
RENDER STATIC FOVEATED [01/05 11:41:14]
RENDERING DONE [01/05 11:41:46]
RENDER STATIC FOVEATED [01/05 11:41:46]
RENDERING DONE [01/05 11:42:17]
RENDER STATIC FOVEATED [01/05 11:42:17]
RENDERING DONE [01/05 11:42:48]
RENDER STATIC FOVEATED [01/05 11:42:49]
RENDERING DONE [01/05 11:43:20]
RENDER STATIC FOVEATED [01/05 11:43:20]
RENDERING DONE [01/05 11:43:51]
RENDER STATIC FOVEATED [01/05 11:43:52]
RENDERING DONE [01/05 11:44:23]
RENDER STATIC FOVEATED [01/05 11:44:23]
RENDERING DONE [01/05 11:44:54]
RENDER STATIC FOVEATED [01/05 11:44:55]
RENDERING DONE [01/05 11:45:26]
RENDER STATIC FOVEATED [01/05 11:45:27]
RENDERING DONE [01/05 11:45:58]
RENDER STATIC FOVEATED [01/05 11:45:58]
RENDERING DONE [01/05 11:46:29]
RENDER STATIC FOVEATED [01/05 11:46:30]
RENDERING DONE [01/05 11:47:01]
RENDER STATIC FOVEATED [01/05 11:47:01]
RENDERING DONE [01/05 11:47:32]
Test FPS: [1;35m54.45055[0m, Num. of GS: 133117 [01/05 11:47:33]
Setting up [LPIPS] perceptual loss: trunk [vgg], v[0.1], spatial [off]
Loading model from: /home/shadiman/pytorch-env/lib/python3.9/site-packages/lpips/weights/v0.1/vgg.pth

Scene: output/exp-name-staticforest
Method: ours_3000
  SSIM :    0.6732172
  PSNR :   14.0571928
  LPIPS:    0.3148365

Method: ours_30000
  SSIM :    0.7513547
  PSNR :   15.5377293
  LPIPS:    0.2282590

