Optimizing output/exp-name-forestonly
Output folder: output/exp-name-forestonly [01/05 21:00:08]
Tensorboard not available: not logging progress [01/05 21:00:08]
Found transforms_train.json file, assuming Blender data set! [01/05 21:00:09]
Reading Training Transforms [01/05 21:00:09]
Reading Test Transforms [01/05 21:00:11]
Loading Training Cameras [01/05 21:00:12]
Loading Test Cameras [01/05 21:00:15]
Number of points at initialisation :  100000 [01/05 21:00:16]

[ITER 3000] Saving Gaussians [01/05 21:00:43]
Best PSNR = 0.0 in Iteration 0 [01/05 21:00:43]

Training complete. [01/05 21:00:43]
Looking for config file in output/exp-name-forestonly/cfg_args
Config file found: output/exp-name-forestonly/cfg_args
Rendering output/exp-name-forestonly
Loading trained model at iteration 30000 [01/05 21:00:50]
Found transforms_train.json file, assuming Blender data set! [01/05 21:00:50]
Reading Training Transforms [01/05 21:00:50]
Reading Test Transforms [01/05 21:00:53]
Loading Training Cameras [01/05 21:00:55]
Loading Test Cameras [01/05 21:00:57]
[INFO] Initializing Gaussian Forest... [01/05 21:00:58]
LEVEL: 3 [01/05 21:01:06]
LEVEL: 2 [01/05 21:01:06]
LEVEL: 1 [01/05 21:01:06]
LEVEL: 3 [01/05 21:01:06]
LEVEL: 2 [01/05 21:08:44]
LEVEL: 1 [01/05 21:15:13]
[INFO] Forest initialized: 0 dynamic trees, 30912 static trees. [01/05 21:17:33]
RENDERING DONE [01/05 21:17:46]
RENDERING DONE [01/05 21:18:00]
RENDERING DONE [01/05 21:18:13]
RENDERING DONE [01/05 21:18:27]
RENDERING DONE [01/05 21:18:40]
RENDERING DONE [01/05 21:18:54]
RENDERING DONE [01/05 21:19:07]
RENDERING DONE [01/05 21:19:21]
RENDERING DONE [01/05 21:19:35]
RENDERING DONE [01/05 21:19:49]
RENDERING DONE [01/05 21:20:02]
RENDERING DONE [01/05 21:20:15]
RENDERING DONE [01/05 21:20:29]
RENDERING DONE [01/05 21:20:43]
RENDERING DONE [01/05 21:20:56]
RENDERING DONE [01/05 21:21:10]
RENDERING DONE [01/05 21:21:24]
RENDERING DONE [01/05 21:21:37]
RENDERING DONE [01/05 21:21:51]
RENDERING DONE [01/05 21:22:05]
RENDERING DONE [01/05 21:22:18]
RENDERING DONE [01/05 21:22:32]
RENDERING DONE [01/05 21:22:45]
RENDERING DONE [01/05 21:22:59]
RENDERING DONE [01/05 21:23:13]
RENDERING DONE [01/05 21:23:27]
RENDERING DONE [01/05 21:23:40]
RENDERING DONE [01/05 21:23:54]
RENDERING DONE [01/05 21:24:07]
RENDERING DONE [01/05 21:24:20]
RENDERING DONE [01/05 21:24:34]
RENDERING DONE [01/05 21:24:48]
RENDERING DONE [01/05 21:25:01]
RENDERING DONE [01/05 21:25:15]
RENDERING DONE [01/05 21:25:28]
RENDERING DONE [01/05 21:25:42]
RENDERING DONE [01/05 21:25:55]
RENDERING DONE [01/05 21:26:09]
RENDERING DONE [01/05 21:26:22]
RENDERING DONE [01/05 21:26:36]
RENDERING DONE [01/05 21:26:49]
RENDERING DONE [01/05 21:27:03]
RENDERING DONE [01/05 21:27:16]
RENDERING DONE [01/05 21:27:30]
RENDERING DONE [01/05 21:27:43]
RENDERING DONE [01/05 21:27:57]
RENDERING DONE [01/05 21:28:10]
RENDERING DONE [01/05 21:28:24]
RENDERING DONE [01/05 21:28:37]
RENDERING DONE [01/05 21:28:51]
Test FPS: [1;35m46.31539[0m, Num. of GS: 127387 [01/05 21:28:52]
RENDERING DONE [01/05 21:29:06]
RENDERING DONE [01/05 21:29:19]
RENDERING DONE [01/05 21:29:33]
RENDERING DONE [01/05 21:29:46]
RENDERING DONE [01/05 21:30:00]
RENDERING DONE [01/05 21:30:13]
RENDERING DONE [01/05 21:30:27]
RENDERING DONE [01/05 21:30:40]
RENDERING DONE [01/05 21:30:54]
RENDERING DONE [01/05 21:31:08]
RENDERING DONE [01/05 21:31:21]
RENDERING DONE [01/05 21:31:35]
RENDERING DONE [01/05 21:31:49]
RENDERING DONE [01/05 21:32:02]
RENDERING DONE [01/05 21:32:16]
RENDERING DONE [01/05 21:32:30]
RENDERING DONE [01/05 21:32:43]
RENDERING DONE [01/05 21:32:57]
RENDERING DONE [01/05 21:33:10]
RENDERING DONE [01/05 21:33:24]
Test FPS: [1;35m34.13311[0m, Num. of GS: 127387 [01/05 21:33:25]
Setting up [LPIPS] perceptual loss: trunk [vgg], v[0.1], spatial [off]
Loading model from: /home/shadiman/pytorch-env/lib/python3.9/site-packages/lpips/weights/v0.1/vgg.pth

Scene: output/exp-name-forestonly
Method: ours_30000
  SSIM :    0.7806079
  PSNR :   18.6171093
  LPIPS:    0.2069262

