Optimizing output/exp-name-staticforest
Output folder: output/exp-name-staticforest [01/05 15:42:14]
Tensorboard not available: not logging progress [01/05 15:42:14]
Found transforms_train.json file, assuming Blender data set! [01/05 15:42:14]
Reading Training Transforms [01/05 15:42:14]
Reading Test Transforms [01/05 15:42:17]
Loading Training Cameras [01/05 15:42:18]
Loading Test Cameras [01/05 15:42:20]
Number of points at initialisation :  100000 [01/05 15:42:21]

[ITER 3000] Saving Gaussians [01/05 15:43:43]
Best PSNR = 0.0 in Iteration 0 [01/05 15:43:43]

Training complete. [01/05 15:43:43]
Looking for config file in output/exp-name-staticforest/cfg_args
Config file found: output/exp-name-staticforest/cfg_args
Rendering output/exp-name-staticforest
Loading trained model at iteration 3000 [01/05 15:43:50]
Found transforms_train.json file, assuming Blender data set! [01/05 15:43:50]
Reading Training Transforms [01/05 15:43:50]
Reading Test Transforms [01/05 15:43:52]
Loading Training Cameras [01/05 15:43:52]
Loading Test Cameras [01/05 15:43:55]
[INFO] Initializing Gaussian Forest... [01/05 15:43:56]
LEVEL: 3 [01/05 15:44:01]
LEVEL: 2 [01/05 15:44:01]
LEVEL: 1 [01/05 15:44:01]
LEVEL: 3 [01/05 15:44:01]
LEVEL: 2 [01/05 15:44:03]
LEVEL: 1 [01/05 15:50:02]
[INFO] Forest initialized: 0 dynamic trees, 35647 static trees. [01/05 15:53:05]
RENDERING DONE [01/05 15:53:20]
RENDERING DONE [01/05 15:53:35]
RENDERING DONE [01/05 15:53:50]
RENDERING DONE [01/05 15:54:05]
RENDERING DONE [01/05 15:54:20]
RENDERING DONE [01/05 15:54:35]
RENDERING DONE [01/05 15:54:50]
RENDERING DONE [01/05 15:55:05]
RENDERING DONE [01/05 15:55:21]
RENDERING DONE [01/05 15:55:36]
RENDERING DONE [01/05 15:55:51]
RENDERING DONE [01/05 15:56:06]
RENDERING DONE [01/05 15:56:21]
RENDERING DONE [01/05 15:56:36]
RENDERING DONE [01/05 15:56:51]
RENDERING DONE [01/05 15:57:06]
RENDERING DONE [01/05 15:57:21]
RENDERING DONE [01/05 15:57:36]
RENDERING DONE [01/05 15:57:52]
RENDERING DONE [01/05 15:58:07]
RENDERING DONE [01/05 15:58:22]
RENDERING DONE [01/05 15:58:37]
RENDERING DONE [01/05 15:58:52]
RENDERING DONE [01/05 15:59:07]
RENDERING DONE [01/05 15:59:22]
RENDERING DONE [01/05 15:59:37]
RENDERING DONE [01/05 15:59:53]
RENDERING DONE [01/05 16:00:08]
RENDERING DONE [01/05 16:00:23]
RENDERING DONE [01/05 16:00:37]
RENDERING DONE [01/05 16:00:53]
RENDERING DONE [01/05 16:01:08]
RENDERING DONE [01/05 16:01:23]
RENDERING DONE [01/05 16:01:37]
RENDERING DONE [01/05 16:01:52]
RENDERING DONE [01/05 16:02:07]
RENDERING DONE [01/05 16:02:22]
RENDERING DONE [01/05 16:02:37]
RENDERING DONE [01/05 16:02:51]
RENDERING DONE [01/05 16:03:06]
RENDERING DONE [01/05 16:03:21]
RENDERING DONE [01/05 16:03:36]
RENDERING DONE [01/05 16:03:51]
RENDERING DONE [01/05 16:04:06]
RENDERING DONE [01/05 16:04:21]
RENDERING DONE [01/05 16:04:35]
RENDERING DONE [01/05 16:04:50]
RENDERING DONE [01/05 16:05:05]
RENDERING DONE [01/05 16:05:20]
RENDERING DONE [01/05 16:05:35]
Test FPS: [1;35m72.16054[0m, Num. of GS: 88356 [01/05 16:05:36]
RENDERING DONE [01/05 16:05:51]
RENDERING DONE [01/05 16:06:06]
RENDERING DONE [01/05 16:06:21]
RENDERING DONE [01/05 16:06:36]
RENDERING DONE [01/05 16:06:51]
RENDERING DONE [01/05 16:07:06]
RENDERING DONE [01/05 16:07:20]
RENDERING DONE [01/05 16:07:35]
RENDERING DONE [01/05 16:07:50]
RENDERING DONE [01/05 16:08:05]
RENDERING DONE [01/05 16:08:20]
RENDERING DONE [01/05 16:08:35]
RENDERING DONE [01/05 16:08:50]
RENDERING DONE [01/05 16:09:05]
RENDERING DONE [01/05 16:09:20]
RENDERING DONE [01/05 16:09:35]
RENDERING DONE [01/05 16:09:51]
RENDERING DONE [01/05 16:10:06]
RENDERING DONE [01/05 16:10:20]
RENDERING DONE [01/05 16:10:35]
Test FPS: [1;35m70.46116[0m, Num. of GS: 88356 [01/05 16:10:36]
Setting up [LPIPS] perceptual loss: trunk [vgg], v[0.1], spatial [off]
Loading model from: /home/shadiman/pytorch-env/lib/python3.9/site-packages/lpips/weights/v0.1/vgg.pth

Scene: output/exp-name-staticforest
Method: ours_3000
  SSIM :    0.7497605
  PSNR :   12.6468105
  LPIPS:    0.2505411

