Looking for config file in output/exp-name-static_forest-2/cfg_args
Config file found: output/exp-name-static_forest-2/cfg_args
Rendering output/exp-name-static_forest-2
Loading trained model at iteration 30000 [02/05 15:46:33]
Found transforms_train.json file, assuming Blender data set! [02/05 15:46:33]
Reading Training Transforms [02/05 15:46:33]
Reading Test Transforms [02/05 15:46:37]
Loading Training Cameras [02/05 15:46:38]
Loading Test Cameras [02/05 15:46:41]
[INFO] Initializing Gaussian Forest... [02/05 15:46:42]
LEVEL: 3 [02/05 15:46:50]
LEVEL: 2 [02/05 15:46:50]
LEVEL: 1 [02/05 15:46:50]
LEVEL: 3 [02/05 15:46:50]
LEVEL: 2 [02/05 15:54:27]
LEVEL: 1 [02/05 16:01:00]
[INFO] Forest initialized: 0 dynamic trees, 30912 static trees. [02/05 16:03:21]
RENDERING DONE [02/05 16:03:35]
RENDERING DONE [02/05 16:03:49]
RENDERING DONE [02/05 16:04:03]
RENDERING DONE [02/05 16:04:17]
RENDERING DONE [02/05 16:04:31]
RENDERING DONE [02/05 16:04:44]
RENDERING DONE [02/05 16:04:59]
RENDERING DONE [02/05 16:05:12]
RENDERING DONE [02/05 16:05:26]
RENDERING DONE [02/05 16:05:40]
RENDERING DONE [02/05 16:05:55]
RENDERING DONE [02/05 16:06:08]
RENDERING DONE [02/05 16:06:23]
RENDERING DONE [02/05 16:06:36]
RENDERING DONE [02/05 16:06:51]
RENDERING DONE [02/05 16:07:04]
RENDERING DONE [02/05 16:07:18]
RENDERING DONE [02/05 16:07:32]
RENDERING DONE [02/05 16:07:47]
RENDERING DONE [02/05 16:08:00]
RENDERING DONE [02/05 16:08:14]
RENDERING DONE [02/05 16:08:28]
RENDERING DONE [02/05 16:08:42]
RENDERING DONE [02/05 16:08:55]
RENDERING DONE [02/05 16:09:10]
RENDERING DONE [02/05 16:09:23]
RENDERING DONE [02/05 16:09:37]
RENDERING DONE [02/05 16:09:51]
RENDERING DONE [02/05 16:10:05]
RENDERING DONE [02/05 16:10:19]
RENDERING DONE [02/05 16:10:33]
RENDERING DONE [02/05 16:10:47]
RENDERING DONE [02/05 16:11:01]
RENDERING DONE [02/05 16:11:15]
RENDERING DONE [02/05 16:11:28]
RENDERING DONE [02/05 16:11:42]
RENDERING DONE [02/05 16:11:56]
RENDERING DONE [02/05 16:12:09]
RENDERING DONE [02/05 16:12:23]
RENDERING DONE [02/05 16:12:37]
RENDERING DONE [02/05 16:12:51]
RENDERING DONE [02/05 16:13:05]
RENDERING DONE [02/05 16:13:19]
RENDERING DONE [02/05 16:13:33]
RENDERING DONE [02/05 16:13:47]
RENDERING DONE [02/05 16:14:01]
RENDERING DONE [02/05 16:14:15]
RENDERING DONE [02/05 16:14:28]
RENDERING DONE [02/05 16:14:42]
RENDERING DONE [02/05 16:14:56]
Test FPS: [1;35m46.45238[0m, Num. of GS: 127387 [02/05 16:14:58]
RENDERING DONE [02/05 16:15:12]
RENDERING DONE [02/05 16:15:26]
RENDERING DONE [02/05 16:15:40]
RENDERING DONE [02/05 16:15:54]
RENDERING DONE [02/05 16:16:08]
RENDERING DONE [02/05 16:16:22]
RENDERING DONE [02/05 16:16:36]
RENDERING DONE [02/05 16:16:50]
RENDERING DONE [02/05 16:17:04]
RENDERING DONE [02/05 16:17:18]
RENDERING DONE [02/05 16:17:32]
RENDERING DONE [02/05 16:17:46]
RENDERING DONE [02/05 16:18:00]
RENDERING DONE [02/05 16:18:14]
RENDERING DONE [02/05 16:18:28]
RENDERING DONE [02/05 16:18:42]
RENDERING DONE [02/05 16:18:57]
RENDERING DONE [02/05 16:19:11]
RENDERING DONE [02/05 16:19:25]
RENDERING DONE [02/05 16:19:39]
Test FPS: [1;35m44.16966[0m, Num. of GS: 127387 [02/05 16:19:39]
Setting up [LPIPS] perceptual loss: trunk [vgg], v[0.1], spatial [off]
Loading model from: /home/shadiman/pytorch-env/lib/python3.9/site-packages/lpips/weights/v0.1/vgg.pth

Scene: output/exp-name-static_forest-2
Method: ours_30000
  SSIM :    0.7675582
  PSNR :   18.2600307
  LPIPS:    0.2182275

