Processing ./submodules/depth-diff-gaussian-rasterization
  Preparing metadata (setup.py): started
  Preparing metadata (setup.py): finished with status 'done'
Processing ./submodules/simple-knn
  Preparing metadata (setup.py): started
  Preparing metadata (setup.py): finished with status 'done'
Requirement already satisfied: plyfile==0.8.1 in /home/shadiman/pytorch-env/lib/python3.9/site-packages (from -r requirements.txt (line 3)) (0.8.1)
Requirement already satisfied: tqdm in /home/shadiman/pytorch-env/lib/python3.9/site-packages (from -r requirements.txt (line 4)) (4.67.1)
Requirement already satisfied: imageio==2.27.0 in /home/shadiman/pytorch-env/lib/python3.9/site-packages (from -r requirements.txt (line 5)) (2.27.0)
Requirement already satisfied: opencv-python in /home/shadiman/pytorch-env/lib/python3.9/site-packages (from -r requirements.txt (line 6)) (4.11.0.86)
Requirement already satisfied: imageio-ffmpeg in /home/shadiman/pytorch-env/lib/python3.9/site-packages (from -r requirements.txt (line 7)) (0.6.0)
Requirement already satisfied: scipy in /home/shadiman/pytorch-env/lib/python3.9/site-packages (from -r requirements.txt (line 8)) (1.13.1)
Requirement already satisfied: dearpygui in /home/shadiman/pytorch-env/lib/python3.9/site-packages (from -r requirements.txt (line 9)) (2.0.0)
Requirement already satisfied: lpips in /home/shadiman/pytorch-env/lib/python3.9/site-packages (from -r requirements.txt (line 10)) (0.1.4)
Requirement already satisfied: numpy>=1.17 in /home/shadiman/pytorch-env/lib/python3.9/site-packages (from plyfile==0.8.1->-r requirements.txt (line 3)) (1.26.3)
Requirement already satisfied: pillow>=8.3.2 in /home/shadiman/pytorch-env/lib/python3.9/site-packages (from imageio==2.27.0->-r requirements.txt (line 5)) (11.0.0)
Requirement already satisfied: torch>=0.4.0 in /home/shadiman/pytorch-env/lib/python3.9/site-packages (from lpips->-r requirements.txt (line 10)) (2.6.0+cu126)
Requirement already satisfied: torchvision>=0.2.1 in /home/shadiman/pytorch-env/lib/python3.9/site-packages (from lpips->-r requirements.txt (line 10)) (0.21.0+cu126)
Requirement already satisfied: filelock in /home/shadiman/pytorch-env/lib/python3.9/site-packages (from torch>=0.4.0->lpips->-r requirements.txt (line 10)) (3.13.1)
Requirement already satisfied: typing-extensions>=4.10.0 in /home/shadiman/pytorch-env/lib/python3.9/site-packages (from torch>=0.4.0->lpips->-r requirements.txt (line 10)) (4.12.2)
Requirement already satisfied: sympy==1.13.1 in /home/shadiman/pytorch-env/lib/python3.9/site-packages (from torch>=0.4.0->lpips->-r requirements.txt (line 10)) (1.13.1)
Requirement already satisfied: networkx in /home/shadiman/pytorch-env/lib/python3.9/site-packages (from torch>=0.4.0->lpips->-r requirements.txt (line 10)) (3.2.1)
Requirement already satisfied: jinja2 in /home/shadiman/pytorch-env/lib/python3.9/site-packages (from torch>=0.4.0->lpips->-r requirements.txt (line 10)) (3.1.4)
Requirement already satisfied: fsspec in /home/shadiman/pytorch-env/lib/python3.9/site-packages (from torch>=0.4.0->lpips->-r requirements.txt (line 10)) (2024.6.1)
Requirement already satisfied: nvidia-cuda-nvrtc-cu12==12.6.77 in /home/shadiman/pytorch-env/lib/python3.9/site-packages (from torch>=0.4.0->lpips->-r requirements.txt (line 10)) (12.6.77)
Requirement already satisfied: nvidia-cuda-runtime-cu12==12.6.77 in /home/shadiman/pytorch-env/lib/python3.9/site-packages (from torch>=0.4.0->lpips->-r requirements.txt (line 10)) (12.6.77)
Requirement already satisfied: nvidia-cuda-cupti-cu12==12.6.80 in /home/shadiman/pytorch-env/lib/python3.9/site-packages (from torch>=0.4.0->lpips->-r requirements.txt (line 10)) (12.6.80)
Requirement already satisfied: nvidia-cudnn-cu12==9.5.1.17 in /home/shadiman/pytorch-env/lib/python3.9/site-packages (from torch>=0.4.0->lpips->-r requirements.txt (line 10)) (9.5.1.17)
Requirement already satisfied: nvidia-cublas-cu12==12.6.4.1 in /home/shadiman/pytorch-env/lib/python3.9/site-packages (from torch>=0.4.0->lpips->-r requirements.txt (line 10)) (12.6.4.1)
Requirement already satisfied: nvidia-cufft-cu12==11.3.0.4 in /home/shadiman/pytorch-env/lib/python3.9/site-packages (from torch>=0.4.0->lpips->-r requirements.txt (line 10)) (11.3.0.4)
Requirement already satisfied: nvidia-curand-cu12==10.3.7.77 in /home/shadiman/pytorch-env/lib/python3.9/site-packages (from torch>=0.4.0->lpips->-r requirements.txt (line 10)) (10.3.7.77)
Requirement already satisfied: nvidia-cusolver-cu12==11.7.1.2 in /home/shadiman/pytorch-env/lib/python3.9/site-packages (from torch>=0.4.0->lpips->-r requirements.txt (line 10)) (11.7.1.2)
Requirement already satisfied: nvidia-cusparse-cu12==12.5.4.2 in /home/shadiman/pytorch-env/lib/python3.9/site-packages (from torch>=0.4.0->lpips->-r requirements.txt (line 10)) (12.5.4.2)
Requirement already satisfied: nvidia-cusparselt-cu12==0.6.3 in /home/shadiman/pytorch-env/lib/python3.9/site-packages (from torch>=0.4.0->lpips->-r requirements.txt (line 10)) (0.6.3)
Requirement already satisfied: nvidia-nccl-cu12==2.21.5 in /home/shadiman/pytorch-env/lib/python3.9/site-packages (from torch>=0.4.0->lpips->-r requirements.txt (line 10)) (2.21.5)
Requirement already satisfied: nvidia-nvtx-cu12==12.6.77 in /home/shadiman/pytorch-env/lib/python3.9/site-packages (from torch>=0.4.0->lpips->-r requirements.txt (line 10)) (12.6.77)
Requirement already satisfied: nvidia-nvjitlink-cu12==12.6.85 in /home/shadiman/pytorch-env/lib/python3.9/site-packages (from torch>=0.4.0->lpips->-r requirements.txt (line 10)) (12.6.85)
Requirement already satisfied: triton==3.2.0 in /home/shadiman/pytorch-env/lib/python3.9/site-packages (from torch>=0.4.0->lpips->-r requirements.txt (line 10)) (3.2.0)
Requirement already satisfied: mpmath<1.4,>=1.1.0 in /home/shadiman/pytorch-env/lib/python3.9/site-packages (from sympy==1.13.1->torch>=0.4.0->lpips->-r requirements.txt (line 10)) (1.3.0)
Requirement already satisfied: MarkupSafe>=2.0 in /home/shadiman/pytorch-env/lib/python3.9/site-packages (from jinja2->torch>=0.4.0->lpips->-r requirements.txt (line 10)) (2.1.5)
Building wheels for collected packages: diff_gaussian_rasterization, simple_knn
  Building wheel for diff_gaussian_rasterization (setup.py): started
  Building wheel for diff_gaussian_rasterization (setup.py): finished with status 'done'
  Created wheel for diff_gaussian_rasterization: filename=diff_gaussian_rasterization-0.0.0-cp39-cp39-linux_x86_64.whl size=4476055 sha256=89a0e17a22d0cdb1d8070dc31ca22d6110e07d542d1498c819d09a3091eec9fd
  Stored in directory: /home/shadiman/.cache/pip/wheels/c5/59/74/117cfd09979d245060b0f9f9ab8881af999b387382928741e9
  Building wheel for simple_knn (setup.py): started
  Building wheel for simple_knn (setup.py): finished with status 'done'
  Created wheel for simple_knn: filename=simple_knn-0.0.0-cp39-cp39-linux_x86_64.whl size=4183805 sha256=3cc12fde5e03d78c89488ce9093312c4406199b2f2a84e06e3ece9d07dc5c53e
  Stored in directory: /home/shadiman/.cache/pip/wheels/65/d9/0a/38746e4837c1b42997f0177e5ca4f102a72dabd3b3f6927914
Successfully built diff_gaussian_rasterization simple_knn
Installing collected packages: simple_knn, diff_gaussian_rasterization
  Attempting uninstall: simple_knn
    Found existing installation: simple_knn 0.0.0
    Uninstalling simple_knn-0.0.0:
      Successfully uninstalled simple_knn-0.0.0
  Attempting uninstall: diff_gaussian_rasterization
    Found existing installation: diff_gaussian_rasterization 0.0.0
    Uninstalling diff_gaussian_rasterization-0.0.0:
      Successfully uninstalled diff_gaussian_rasterization-0.0.0
Successfully installed diff_gaussian_rasterization-0.0.0 simple_knn-0.0.0
Processing /home/shadiman/Deformable-3D-Gaussians/submodules/depth-diff-gaussian-rasterization
  Preparing metadata (setup.py): started
  Preparing metadata (setup.py): finished with status 'done'
Building wheels for collected packages: diff_gaussian_rasterization
  Building wheel for diff_gaussian_rasterization (setup.py): started
  Building wheel for diff_gaussian_rasterization (setup.py): finished with status 'done'
  Created wheel for diff_gaussian_rasterization: filename=diff_gaussian_rasterization-0.0.0-cp39-cp39-linux_x86_64.whl size=4476055 sha256=419e50b6599f0e20da3841c68a290fd20db9fa21b9747d184aeb615e48988cdf
  Stored in directory: /home/shadiman/.cache/pip/wheels/c5/59/74/117cfd09979d245060b0f9f9ab8881af999b387382928741e9
Successfully built diff_gaussian_rasterization
Installing collected packages: diff_gaussian_rasterization
  Attempting uninstall: diff_gaussian_rasterization
    Found existing installation: diff_gaussian_rasterization 0.0.0
    Uninstalling diff_gaussian_rasterization-0.0.0:
      Successfully uninstalled diff_gaussian_rasterization-0.0.0
Successfully installed diff_gaussian_rasterization-0.0.0
Processing /home/shadiman/Deformable-3D-Gaussians/submodules/simple-knn
  Preparing metadata (setup.py): started
  Preparing metadata (setup.py): finished with status 'done'
Building wheels for collected packages: simple_knn
  Building wheel for simple_knn (setup.py): started
  Building wheel for simple_knn (setup.py): finished with status 'done'
  Created wheel for simple_knn: filename=simple_knn-0.0.0-cp39-cp39-linux_x86_64.whl size=4183805 sha256=60b125fad85c607e38b37f005222798552ca60880777f48bfb22ee6dc3e95aab
  Stored in directory: /home/shadiman/.cache/pip/wheels/65/d9/0a/38746e4837c1b42997f0177e5ca4f102a72dabd3b3f6927914
Successfully built simple_knn
Installing collected packages: simple_knn
  Attempting uninstall: simple_knn
    Found existing installation: simple_knn 0.0.0
    Uninstalling simple_knn-0.0.0:
      Successfully uninstalled simple_knn-0.0.0
Successfully installed simple_knn-0.0.0
Optimizing output/exp-name
Output folder: output/exp-name [10/04 15:27:52]
Tensorboard not available: not logging progress [10/04 15:27:52]
Found transforms_train.json file, assuming Blender data set! [10/04 15:27:58]
Reading Training Transforms [10/04 15:27:58]
Reading Test Transforms [10/04 15:28:00]
Loading Training Cameras [10/04 15:28:01]
Loading Test Cameras [10/04 15:28:04]
Number of points at initialisation :  100000 [10/04 15:28:05]

[ITER 5000] Evaluating test: L1 0.014668154530227184 PSNR 24.498817443847656 [10/04 15:29:53]

[ITER 5000] Evaluating train: L1 0.009842400439083576 PSNR 27.698352813720703 [10/04 15:29:53]

[ITER 6000] Evaluating test: L1 0.014691350981593132 PSNR 24.52284049987793 [10/04 15:30:38]

[ITER 6000] Evaluating train: L1 0.009468411095440388 PSNR 28.548139572143555 [10/04 15:30:38]

[ITER 7000] Evaluating test: L1 0.013518290594220161 PSNR 24.837060928344727 [10/04 15:31:24]

[ITER 7000] Evaluating train: L1 0.00810031034052372 PSNR 29.336599349975586 [10/04 15:31:24]

[ITER 7000] Saving Gaussians [10/04 15:31:24]

[ITER 10000] Evaluating test: L1 0.012760092504322529 PSNR 24.951322555541992 [10/04 15:33:49]

[ITER 10000] Evaluating train: L1 0.005510170478373766 PSNR 32.67526626586914 [10/04 15:33:49]

[ITER 10000] Saving Gaussians [10/04 15:33:49]

[ITER 11000] Evaluating test: L1 0.012501582503318787 PSNR 25.01119041442871 [10/04 15:34:40]

[ITER 11000] Evaluating train: L1 0.005085397511720657 PSNR 33.34713363647461 [10/04 15:34:40]

[ITER 12000] Evaluating test: L1 0.01231001503765583 PSNR 25.019243240356445 [10/04 15:35:30]

[ITER 12000] Evaluating train: L1 0.005171478725969791 PSNR 32.825225830078125 [10/04 15:35:30]

[ITER 13000] Evaluating test: L1 0.012365168891847134 PSNR 24.992101669311523 [10/04 15:36:22]

[ITER 13000] Evaluating train: L1 0.004634934943169355 PSNR 34.23721694946289 [10/04 15:36:22]

[ITER 14000] Evaluating test: L1 0.012171567417681217 PSNR 25.07971954345703 [10/04 15:37:13]

[ITER 14000] Evaluating train: L1 0.003861622652038932 PSNR 36.0977668762207 [10/04 15:37:13]

[ITER 15000] Evaluating test: L1 0.012154235504567623 PSNR 25.051321029663086 [10/04 15:38:03]

[ITER 15000] Evaluating train: L1 0.003894815221428871 PSNR 35.97266387939453 [10/04 15:38:03]

[ITER 16000] Evaluating test: L1 0.012174388393759727 PSNR 25.047983169555664 [10/04 15:38:54]

[ITER 16000] Evaluating train: L1 0.0034803166054189205 PSNR 37.06998825073242 [10/04 15:38:54]

[ITER 17000] Evaluating test: L1 0.012288568541407585 PSNR 24.98273277282715 [10/04 15:39:45]

[ITER 17000] Evaluating train: L1 0.0035014310851693153 PSNR 36.974239349365234 [10/04 15:39:45]

[ITER 18000] Evaluating test: L1 0.01225134078413248 PSNR 25.016338348388672 [10/04 15:40:35]

[ITER 18000] Evaluating train: L1 0.003691286314278841 PSNR 36.33639144897461 [10/04 15:40:35]

[ITER 19000] Evaluating test: L1 0.012256941758096218 PSNR 24.999881744384766 [10/04 15:41:25]

[ITER 19000] Evaluating train: L1 0.0034358438570052385 PSNR 36.62787628173828 [10/04 15:41:26]

[ITER 20000] Evaluating test: L1 0.012226387858390808 PSNR 25.006406784057617 [10/04 15:42:15]

[ITER 20000] Evaluating train: L1 0.003108951961621642 PSNR 38.01411056518555 [10/04 15:42:15]

[ITER 20000] Saving Gaussians [10/04 15:42:15]

[ITER 21000] Evaluating test: L1 0.012232488952577114 PSNR 24.997339248657227 [10/04 15:43:06]

[ITER 21000] Evaluating train: L1 0.003032644046470523 PSNR 38.25675964355469 [10/04 15:43:06]

[ITER 22000] Evaluating test: L1 0.012279042042791843 PSNR 24.983640670776367 [10/04 15:43:55]

[ITER 22000] Evaluating train: L1 0.0030259054619818926 PSNR 38.229312896728516 [10/04 15:43:55]

[ITER 23000] Evaluating test: L1 0.012318218126893044 PSNR 24.973310470581055 [10/04 15:44:45]

[ITER 23000] Evaluating train: L1 0.0029793602880090475 PSNR 38.332637786865234 [10/04 15:44:45]

[ITER 24000] Evaluating test: L1 0.012296175584197044 PSNR 24.991657257080078 [10/04 15:45:34]

[ITER 24000] Evaluating train: L1 0.0028074211440980434 PSNR 38.747047424316406 [10/04 15:45:34]

[ITER 25000] Evaluating test: L1 0.012334656901657581 PSNR 24.974050521850586 [10/04 15:46:23]

[ITER 25000] Evaluating train: L1 0.002813515719026327 PSNR 38.87023162841797 [10/04 15:46:23]

[ITER 26000] Evaluating test: L1 0.012336477637290955 PSNR 24.971744537353516 [10/04 15:47:12]

[ITER 26000] Evaluating train: L1 0.0027531145606189966 PSNR 38.98371505737305 [10/04 15:47:12]

[ITER 27000] Evaluating test: L1 0.012326550669968128 PSNR 24.98027229309082 [10/04 15:48:01]

[ITER 27000] Evaluating train: L1 0.0027551227249205112 PSNR 38.990028381347656 [10/04 15:48:01]

[ITER 28000] Evaluating test: L1 0.012383801862597466 PSNR 24.97197151184082 [10/04 15:48:51]

[ITER 28000] Evaluating train: L1 0.002732605440542102 PSNR 39.11207580566406 [10/04 15:48:52]

[ITER 29000] Evaluating test: L1 0.012356526218354702 PSNR 24.97397232055664 [10/04 15:49:41]

[ITER 29000] Evaluating train: L1 0.0027277986519038677 PSNR 39.07700729370117 [10/04 15:49:41]

[ITER 30000] Evaluating test: L1 0.012387988157570362 PSNR 24.964096069335938 [10/04 15:50:32]

[ITER 30000] Evaluating train: L1 0.00267839920707047 PSNR 39.323341369628906 [10/04 15:50:32]

[ITER 30000] Saving Gaussians [10/04 15:50:32]
Best PSNR = 25.07971954345703 in Iteration 14000 [10/04 15:50:33]

Training complete. [10/04 15:50:33]
Looking for config file in output/exp-name/cfg_args
Config file found: output/exp-name/cfg_args
Rendering output/exp-name
Loading trained model at iteration 30000 [10/04 15:50:44]
Found transforms_train.json file, assuming Blender data set! [10/04 15:50:44]
Reading Training Transforms [10/04 15:50:44]
Reading Test Transforms [10/04 15:50:46]
Loading Training Cameras [10/04 15:50:47]
Loading Test Cameras [10/04 15:50:49]
Test FPS: [1;35m35.54373[0m, Num. of GS: 127387 [10/04 15:51:02]
Test FPS: [1;35m44.50640[0m, Num. of GS: 127387 [10/04 15:51:06]
Setting up [LPIPS] perceptual loss: trunk [vgg], v[0.1], spatial [off]
Loading model from: /home/shadiman/pytorch-env/lib/python3.9/site-packages/lpips/weights/v0.1/vgg.pth

Scene: output/exp-name
Method: ours_3000
  SSIM :    0.6732172
  PSNR :   14.0571928
  LPIPS:    0.3148365

Method: ours_30000
  SSIM :    0.9440487
  PSNR :   24.9635677
  LPIPS:    0.0439407

